<?xml version="1.0" encoding="UTF-8"?>
<!-- Generated by org.testng.reporters.JUnitXMLReporter -->
<testsuite ignored="0" hostname="DESKTOP-675RD7N" failures="0" tests="5" name="Default test" time="0.22" errors="0" timestamp="2021-10-16T19:43:36 IST">
  <testcase classname="TestStringCalculator" name="negativeInputReturnsException" time="0.012"/>
  <testcase classname="TestStringCalculator" name="returnsValue" time="0.008"/>
  <testcase classname="TestStringCalculator" name="returnsZero" time="0.004"/>
  <testcase classname="TestStringCalculator" name="sumOfNumbers" time="0.009"/>
  <testcase classname="TestStringCalculator" name="twoNumbersNewLineDelimiterReturnSum" time="0.013"/>
</testsuite> <!-- Default test -->
